2017-11-05 15:40:09 [scrapy] DEBUG: Crawled (200) <GET http://www.eleconomista.es/robots.txt> (referer: None)
2017-11-05 15:40:10 [scrapy] DEBUG: Crawled (200) <GET http://www.eleconomista.es/indice/IBEX-35/historico> (referer: None)
2017-11-05 15:40:10 [scrapy] DEBUG: Scraped from <200 http://www.eleconomista.es/indice/IBEX-35/historico>
{'date': '02-11-2017', 'max_value': 10538.4, 'min_value': 10403.2, 'close_value': 10457.8}
2017-11-05 15:40:10 [scrapy] DEBUG: Scraped from <200 http://www.eleconomista.es/indice/IBEX-35/historico>
{'date': '01-11-2017', 'max_value': 10594.2, 'min_value': 10486.2, 'close_value': 10506.7}
2017-11-05 15:40:10 [scrapy] DEBUG: Scraped from <200 http://www.eleconomista.es/indice/IBEX-35/historico>
{'date': '31-10-2017', 'max_value': 10570.5, 'min_value': 10438.1, 'close_value': 10523.5}
2017-11-05 15:40:10 [scrapy] DEBUG: Scraped from <200 http://www.eleconomista.es/indice/IBEX-35/historico>
{'date': '30-10-2017', 'max_value': 10470.7, 'min_value': 10293.0, 'close_value': 10446.0}
2017-11-05 15:40:10 [scrapy] DEBUG: Scraped from <200 http://www.eleconomista.es/indice/IBEX-35/historico>
{'date': '27-10-2017', 'max_value': 10382.4, 'min_value': 10136.9, 'close_value': 10197.5}
2017-11-05 15:40:10 [scrapy] DEBUG: Scraped from <200 http://www.eleconomista.es/indice/IBEX-35/historico>
{'date': '26-10-2017', 'max_value': 10422.7, 'min_value': 10121.2, 'close_value': 10347.8}
2017-11-05 15:40:10 [scrapy] DEBUG: Scraped from <200 http://www.eleconomista.es/indice/IBEX-35/historico>
{'date': '25-10-2017', 'max_value': 10273.4, 'min_value': 10137.1, 'close_value': 10153.3}
2017-11-05 15:40:10 [scrapy] DEBUG: Scraped from <200 http://www.eleconomista.es/indice/IBEX-35/historico>
{'date': '24-10-2017', 'max_value': 10235.4, 'min_value': 10148.3, 'close_value': 10205.7}
2017-11-05 15:40:10 [scrapy] DEBUG: Scraped from <200 http://www.eleconomista.es/indice/IBEX-35/historico>
{'date': '23-10-2017', 'max_value': 10216.4, 'min_value': 10141.4, 'close_value': 10161.4}
2017-11-05 15:40:10 [scrapy] DEBUG: Scraped from <200 http://www.eleconomista.es/indice/IBEX-35/historico>
{'date': '20-10-2017', 'max_value': 10249.0, 'min_value': 10176.5, 'close_value': 10222.7}
2017-11-05 15:40:10 [scrapy] DEBUG: Scraped from <200 http://www.eleconomista.es/indice/IBEX-35/historico>
{'date': '19-10-2017', 'max_value': 10276.6, 'min_value': 10167.4, 'close_value': 10197.5}
2017-11-05 15:40:10 [scrapy] DEBUG: Scraped from <200 http://www.eleconomista.es/indice/IBEX-35/historico>
{'date': '18-10-2017', 'max_value': 10283.5, 'min_value': 10165.4, 'close_value': 10273.4}
2017-11-05 15:40:10 [scrapy] DEBUG: Scraped from <200 http://www.eleconomista.es/indice/IBEX-35/historico>
{'date': '17-10-2017', 'max_value': 10297.1, 'min_value': 10134.0, 'close_value': 10216.8}
2017-11-05 15:40:10 [scrapy] DEBUG: Scraped from <200 http://www.eleconomista.es/indice/IBEX-35/historico>
{'date': '16-10-2017', 'max_value': 10248.7, 'min_value': 10153.9, 'close_value': 10181.4}
2017-11-05 15:40:10 [scrapy] DEBUG: Scraped from <200 http://www.eleconomista.es/indice/IBEX-35/historico>
{'date': '13-10-2017', 'max_value': 10299.7, 'min_value': 10231.5, 'close_value': 10258.0}
2017-11-05 15:40:10 [scrapy] DEBUG: Scraped from <200 http://www.eleconomista.es/indice/IBEX-35/historico>
{'date': '12-10-2017', 'max_value': 10304.0, 'min_value': 10244.8, 'close_value': 10275.9}
2017-11-05 15:40:10 [scrapy] DEBUG: Scraped from <200 http://www.eleconomista.es/indice/IBEX-35/historico>
{'date': '11-10-2017', 'max_value': 10313.1, 'min_value': 10247.3, 'close_value': 10278.4}
2017-11-05 15:40:10 [scrapy] DEBUG: Scraped from <200 http://www.eleconomista.es/indice/IBEX-35/historico>
{'date': '10-10-2017', 'max_value': 10225.0, 'min_value': 10107.8, 'close_value': 10142.3}
2017-11-05 15:40:10 [scrapy] DEBUG: Scraped from <200 http://www.eleconomista.es/indice/IBEX-35/historico>
{'date': '09-10-2017', 'max_value': 10306.8, 'min_value': 10206.1, 'close_value': 10236.0}
2017-11-05 15:40:10 [scrapy] DEBUG: Scraped from <200 http://www.eleconomista.es/indice/IBEX-35/historico>
{'date': '06-10-2017', 'max_value': 10214.5, 'min_value': 10116.6, 'close_value': 10185.5}
2017-11-05 15:40:10 [scrapy] INFO: Closing spider (finished)
2017-11-05 15:40:10 [scrapy] INFO: Dumping Scrapy stats:
{'downloader/request_bytes': 610,
 'downloader/request_count': 2,
 'downloader/request_method_count/GET': 2,
 'downloader/response_bytes': 22195,
 'downloader/response_count': 2,
 'downloader/response_status_count/200': 2,
 'finish_reason': 'finished',
 'finish_time': datetime.datetime(2017, 11, 5, 14, 40, 10, 324244),
 'item_scraped_count': 20,
 'log_count/DEBUG': 22,
 'log_count/INFO': 6,
 'memusage/max': 50581504,
 'memusage/startup': 50581504,
 'response_received_count': 2,
 'scheduler/dequeued': 1,
 'scheduler/dequeued/memory': 1,
 'scheduler/enqueued': 1,
 'scheduler/enqueued/memory': 1,
 'start_time': datetime.datetime(2017, 11, 5, 14, 40, 9, 671755)}
2017-11-05 15:40:10 [scrapy] INFO: Spider closed (finished)
